2017-12-05 16:35:43 [INFO] [org.springframework.boot.StartupInfoLogger:48] - Starting Application on work-dean with PID 24728 (F:\myworkspace\gis-manager\target\classes started by 吴迪叶 in F:\myworkspace\gis-manager) 
2017-12-05 16:35:43 [INFO] [org.springframework.boot.SpringApplication:593] - No active profile set, falling back to default profiles: default 
2017-12-05 16:35:44 [INFO] [org.springframework.context.support.AbstractApplicationContext:583] - Refreshing org.springframework.boot.context.embedded.AnnotationConfigEmbeddedWebApplicationContext@22ef5641: startup date [Tue Dec 05 16:35:44 CST 2017]; root of context hierarchy 
2017-12-05 16:35:44 [INFO] [org.hibernate.validator.internal.util.Version:30] - HV000001: Hibernate Validator 5.3.5.Final 
2017-12-05 16:35:46 [WARN] [org.springframework.context.annotation.ConfigurationClassPostProcessor:373] - Cannot enhance @Configuration bean definition 'myBatisMapperScannerConfig' since its singleton instance has been created too early. The typical cause is a non-static @Bean method with a BeanDefinitionRegistryPostProcessor return type: Consider declaring such methods as 'static'. 
2017-12-05 16:35:47 [INFO] [org.springframework.context.support.PostProcessorRegistrationDelegate$BeanPostProcessorChecker:327] - Bean 'org.springframework.cache.annotation.ProxyCachingConfiguration' of type [org.springframework.cache.annotation.ProxyCachingConfiguration$$EnhancerBySpringCGLIB$$8d30e758] is not eligible for getting processed by all BeanPostProcessors (for example: not eligible for auto-proxying) 
2017-12-05 16:35:47 [INFO] [org.springframework.context.support.PostProcessorRegistrationDelegate$BeanPostProcessorChecker:327] - Bean 'druidDBConfig' of type [com.xz.config.DruidDBConfig$$EnhancerBySpringCGLIB$$4dd766d4] is not eligible for getting processed by all BeanPostProcessors (for example: not eligible for auto-proxying) 
2017-12-05 16:35:47 [INFO] [org.springframework.context.support.PostProcessorRegistrationDelegate$BeanPostProcessorChecker:327] - Bean 'dataSource' of type [com.alibaba.druid.pool.DruidDataSource] is not eligible for getting processed by all BeanPostProcessors (for example: not eligible for auto-proxying) 
2017-12-05 16:35:47 [INFO] [org.springframework.context.support.PostProcessorRegistrationDelegate$BeanPostProcessorChecker:327] - Bean 'org.springframework.boot.autoconfigure.jdbc.DataSourceAutoConfiguration' of type [org.springframework.boot.autoconfigure.jdbc.DataSourceAutoConfiguration$$EnhancerBySpringCGLIB$$2612549a] is not eligible for getting processed by all BeanPostProcessors (for example: not eligible for auto-proxying) 
2017-12-05 16:35:47 [INFO] [org.springframework.context.support.PostProcessorRegistrationDelegate$BeanPostProcessorChecker:327] - Bean 'spring.datasource-org.springframework.boot.autoconfigure.jdbc.DataSourceProperties' of type [org.springframework.boot.autoconfigure.jdbc.DataSourceProperties] is not eligible for getting processed by all BeanPostProcessors (for example: not eligible for auto-proxying) 
2017-12-05 16:35:47 [INFO] [org.springframework.context.support.PostProcessorRegistrationDelegate$BeanPostProcessorChecker:327] - Bean 'dataSourceInitializer' of type [org.springframework.boot.autoconfigure.jdbc.DataSourceInitializer] is not eligible for getting processed by all BeanPostProcessors (for example: not eligible for auto-proxying) 
2017-12-05 16:35:47 [INFO] [org.springframework.context.support.PostProcessorRegistrationDelegate$BeanPostProcessorChecker:327] - Bean 'mybatisConfiguration' of type [com.xz.config.mybatis.MybatisConfiguration$$EnhancerBySpringCGLIB$$27980d8a] is not eligible for getting processed by all BeanPostProcessors (for example: not eligible for auto-proxying) 
2017-12-05 16:35:48 [INFO] [org.springframework.context.support.PostProcessorRegistrationDelegate$BeanPostProcessorChecker:327] - Bean 'annotationDrivenTransactionManager' of type [org.springframework.jdbc.datasource.DataSourceTransactionManager] is not eligible for getting processed by all BeanPostProcessors (for example: not eligible for auto-proxying) 
2017-12-05 16:35:48 [INFO] [org.springframework.context.support.PostProcessorRegistrationDelegate$BeanPostProcessorChecker:327] - Bean 'org.springframework.transaction.annotation.ProxyTransactionManagementConfiguration' of type [org.springframework.transaction.annotation.ProxyTransactionManagementConfiguration$$EnhancerBySpringCGLIB$$441eb13a] is not eligible for getting processed by all BeanPostProcessors (for example: not eligible for auto-proxying) 
2017-12-05 16:35:49 [INFO] [org.springframework.boot.context.embedded.tomcat.TomcatEmbeddedServletContainer:89] - Tomcat initialized with port(s): 9090 (http) 
2017-12-05 16:35:49 [INFO] [org.apache.juli.logging.DirectJDKLog:183] - Starting service Tomcat 
2017-12-05 16:35:49 [INFO] [org.apache.juli.logging.DirectJDKLog:183] - Starting Servlet Engine: Apache Tomcat/7.0.82 
2017-12-05 16:35:49 [INFO] [org.apache.juli.logging.DirectJDKLog:183] - At least one JAR was scanned for TLDs yet contained no TLDs. Enable debug logging for this logger for a complete list of JARs that were scanned but no TLDs were found in them. Skipping unneeded JARs during scanning can improve startup time and JSP compilation time. 
2017-12-05 16:35:50 [INFO] [org.apache.juli.logging.DirectJDKLog:183] - Initializing Spring embedded WebApplicationContext 
2017-12-05 16:35:50 [INFO] [org.springframework.boot.context.embedded.EmbeddedWebApplicationContext:276] - Root WebApplicationContext: initialization completed in 5950 ms 
2017-12-05 16:35:50 [INFO] [org.springframework.boot.web.servlet.ServletRegistrationBean:190] - Mapping servlet: 'dispatcherServlet' to [/] 
2017-12-05 16:35:50 [INFO] [org.springframework.boot.web.servlet.ServletRegistrationBean:190] - Mapping servlet: 'com.xz.config.servlet.DruidStatViewServlet' to [/druid/*] 
2017-12-05 16:35:50 [INFO] [org.springframework.boot.web.servlet.AbstractFilterRegistrationBean:258] - Mapping filter: 'characterEncodingFilter' to: [/*] 
2017-12-05 16:35:50 [INFO] [org.springframework.boot.web.servlet.AbstractFilterRegistrationBean:258] - Mapping filter: 'hiddenHttpMethodFilter' to: [/*] 
2017-12-05 16:35:50 [INFO] [org.springframework.boot.web.servlet.AbstractFilterRegistrationBean:258] - Mapping filter: 'httpPutFormContentFilter' to: [/*] 
2017-12-05 16:35:50 [INFO] [org.springframework.boot.web.servlet.AbstractFilterRegistrationBean:258] - Mapping filter: 'requestContextFilter' to: [/*] 
2017-12-05 16:35:50 [INFO] [org.springframework.boot.web.servlet.AbstractFilterRegistrationBean:271] - Mapping filter: 'druidWebStatFilter' to urls: [/*] 
2017-12-05 16:35:52 [INFO] [org.springframework.web.servlet.handler.AbstractHandlerMethodMapping$MappingRegistry:543] - Mapped "{[/getList]}" onto public com.xz.model.json.JsonModel com.xz.controller.api.ApiController.getList(java.lang.String) 
2017-12-05 16:35:52 [INFO] [org.springframework.web.servlet.handler.AbstractHandlerMethodMapping$MappingRegistry:543] - Mapped "{[/authimg/generateImage]}" onto public void com.xz.controller.AuthImageController.generateImage(javax.servlet.http.HttpServletRequest,javax.servlet.http.HttpServletResponse) throws javax.servlet.ServletException,java.io.IOException 
2017-12-05 16:35:52 [INFO] [org.springframework.web.servlet.handler.AbstractHandlerMethodMapping$MappingRegistry:543] - Mapped "{[/user/getTree]}" onto public void com.xz.controller.UserController.getTree(javax.servlet.http.HttpServletRequest,javax.servlet.http.HttpServletResponse) throws org.codehaus.jackson.JsonGenerationException,org.codehaus.jackson.map.JsonMappingException,java.io.IOException 
2017-12-05 16:35:52 [INFO] [org.springframework.web.servlet.handler.AbstractHandlerMethodMapping$MappingRegistry:543] - Mapped "{[/user/getRole]}" onto public void com.xz.controller.UserController.getRole(javax.servlet.http.HttpServletRequest,javax.servlet.http.HttpServletResponse) throws org.codehaus.jackson.JsonGenerationException,org.codehaus.jackson.map.JsonMappingException,java.io.IOException 
2017-12-05 16:35:52 [INFO] [org.springframework.web.servlet.handler.AbstractHandlerMethodMapping$MappingRegistry:543] - Mapped "{[/user/updateUserAuth]}" onto public void com.xz.controller.UserController.updateUserAuth(javax.servlet.http.HttpServletRequest,javax.servlet.http.HttpServletResponse) throws org.codehaus.jackson.JsonGenerationException,org.codehaus.jackson.map.JsonMappingException,java.io.IOException 
2017-12-05 16:35:52 [INFO] [org.springframework.web.servlet.handler.AbstractHandlerMethodMapping$MappingRegistry:543] - Mapped "{[/user/listRole]}" onto public void com.xz.controller.UserController.listRole(javax.servlet.http.HttpServletRequest,javax.servlet.http.HttpServletResponse) throws org.codehaus.jackson.JsonGenerationException,org.codehaus.jackson.map.JsonMappingException,java.io.IOException 
2017-12-05 16:35:52 [INFO] [org.springframework.web.servlet.handler.AbstractHandlerMethodMapping$MappingRegistry:543] - Mapped "{[/user/editUser]}" onto public void com.xz.controller.UserController.editUser(javax.servlet.http.HttpServletRequest,javax.servlet.http.HttpServletResponse) throws org.codehaus.jackson.JsonGenerationException,org.codehaus.jackson.map.JsonMappingException,java.io.IOException 
2017-12-05 16:35:52 [INFO] [org.springframework.web.servlet.handler.AbstractHandlerMethodMapping$MappingRegistry:543] - Mapped "{[/user/listUser]}" onto public void com.xz.controller.UserController.listUser(javax.servlet.http.HttpServletRequest,javax.servlet.http.HttpServletResponse) throws org.codehaus.jackson.JsonGenerationException,org.codehaus.jackson.map.JsonMappingException,java.io.IOException 
2017-12-05 16:35:52 [INFO] [org.springframework.web.servlet.handler.AbstractHandlerMethodMapping$MappingRegistry:543] - Mapped "{[/user/getAuthTree]}" onto public void com.xz.controller.UserController.getAuthTree(javax.servlet.http.HttpServletRequest,javax.servlet.http.HttpServletResponse) 
2017-12-05 16:35:52 [INFO] [org.springframework.web.servlet.handler.AbstractHandlerMethodMapping$MappingRegistry:543] - Mapped "{[/user/deleteRole]}" onto public void com.xz.controller.UserController.deleteRole(javax.servlet.http.HttpServletRequest,javax.servlet.http.HttpServletResponse) throws org.codehaus.jackson.JsonGenerationException,org.codehaus.jackson.map.JsonMappingException,java.io.IOException 
2017-12-05 16:35:52 [INFO] [org.springframework.web.servlet.handler.AbstractHandlerMethodMapping$MappingRegistry:543] - Mapped "{[/user/editRole]}" onto public void com.xz.controller.UserController.editRole(javax.servlet.http.HttpServletRequest,javax.servlet.http.HttpServletResponse) throws org.codehaus.jackson.JsonGenerationException,org.codehaus.jackson.map.JsonMappingException,java.io.IOException 
2017-12-05 16:35:52 [INFO] [org.springframework.web.servlet.handler.AbstractHandlerMethodMapping$MappingRegistry:543] - Mapped "{[/user/deleteUser]}" onto public void com.xz.controller.UserController.deleteUser(javax.servlet.http.HttpServletRequest,javax.servlet.http.HttpServletResponse) throws org.codehaus.jackson.JsonGenerationException,org.codehaus.jackson.map.JsonMappingException,java.io.IOException 
2017-12-05 16:35:52 [INFO] [org.springframework.web.servlet.handler.AbstractHandlerMethodMapping$MappingRegistry:543] - Mapped "{[/user/updatePwd]}" onto public void com.xz.controller.UserController.updatePwd(javax.servlet.http.HttpServletRequest,javax.servlet.http.HttpServletResponse) throws org.codehaus.jackson.JsonGenerationException,org.codehaus.jackson.map.JsonMappingException,java.io.IOException 
2017-12-05 16:35:52 [INFO] [org.springframework.web.servlet.handler.AbstractHandlerMethodMapping$MappingRegistry:543] - Mapped "{[/userlogin/checkUser]}" onto public com.xz.model.json.JsonModel com.xz.controller.UserLoginController.checkUser(javax.servlet.http.HttpServletRequest,javax.servlet.http.HttpServletResponse) 
2017-12-05 16:35:52 [INFO] [org.springframework.web.servlet.handler.AbstractHandlerMethodMapping$MappingRegistry:543] - Mapped "{[/userlogin/getUser]}" onto public com.xz.entity.UserLogin com.xz.controller.UserLoginController.getUser(java.lang.String) 
2017-12-05 16:35:52 [INFO] [org.springframework.web.servlet.handler.AbstractHandlerMethodMapping$MappingRegistry:543] - Mapped "{[/v2/api-docs],methods=[GET],produces=[application/json || application/hal+json]}" onto public org.springframework.http.ResponseEntity<springfox.documentation.spring.web.json.Json> springfox.documentation.swagger2.web.Swagger2Controller.getDocumentation(java.lang.String,javax.servlet.http.HttpServletRequest) 
2017-12-05 16:35:52 [INFO] [org.springframework.web.servlet.handler.AbstractHandlerMethodMapping$MappingRegistry:543] - Mapped "{[/swagger-resources/configuration/ui]}" onto org.springframework.http.ResponseEntity<springfox.documentation.swagger.web.UiConfiguration> springfox.documentation.swagger.web.ApiResourceController.uiConfiguration() 
2017-12-05 16:35:52 [INFO] [org.springframework.web.servlet.handler.AbstractHandlerMethodMapping$MappingRegistry:543] - Mapped "{[/swagger-resources]}" onto org.springframework.http.ResponseEntity<java.util.List<springfox.documentation.swagger.web.SwaggerResource>> springfox.documentation.swagger.web.ApiResourceController.swaggerResources() 
2017-12-05 16:35:52 [INFO] [org.springframework.web.servlet.handler.AbstractHandlerMethodMapping$MappingRegistry:543] - Mapped "{[/swagger-resources/configuration/security]}" onto org.springframework.http.ResponseEntity<springfox.documentation.swagger.web.SecurityConfiguration> springfox.documentation.swagger.web.ApiResourceController.securityConfiguration() 
2017-12-05 16:35:52 [INFO] [org.springframework.web.servlet.handler.AbstractHandlerMethodMapping$MappingRegistry:543] - Mapped "{[/error]}" onto public org.springframework.http.ResponseEntity<java.util.Map<java.lang.String, java.lang.Object>> org.springframework.boot.autoconfigure.web.BasicErrorController.error(javax.servlet.http.HttpServletRequest) 
2017-12-05 16:35:52 [INFO] [org.springframework.web.servlet.handler.AbstractHandlerMethodMapping$MappingRegistry:543] - Mapped "{[/error],produces=[text/html]}" onto public org.springframework.web.servlet.ModelAndView org.springframework.boot.autoconfigure.web.BasicErrorController.errorHtml(javax.servlet.http.HttpServletRequest,javax.servlet.http.HttpServletResponse) 
2017-12-05 16:35:52 [INFO] [org.springframework.cache.ehcache.EhCacheManagerFactoryBean:130] - Initializing EhCache CacheManager 
2017-12-05 16:35:52 [WARN] [net.sf.ehcache.config.CacheConfiguration:868] - Cache 'myCache' is set to eternal but also has TTI/TTL set.  To avoid this warning, clean up the config removing conflicting values of eternal, TTI and TTL. Effective configuration for Cache 'myCache' will be eternal='true', timeToIdleSeconds='0', timeToLiveSeconds='0'. 
2017-12-05 16:35:53 [INFO] [com.xz.config.mybatis.MybatisConfiguration:98] - 注册MyBatis分页插件PageHelper 
2017-12-05 16:35:53 [INFO] [org.springframework.web.servlet.mvc.method.annotation.RequestMappingHandlerAdapter:534] - Looking for @ControllerAdvice: org.springframework.boot.context.embedded.AnnotationConfigEmbeddedWebApplicationContext@22ef5641: startup date [Tue Dec 05 16:35:44 CST 2017]; root of context hierarchy 
2017-12-05 16:35:53 [INFO] [org.springframework.web.servlet.handler.AbstractUrlHandlerMapping:362] - Mapped URL path [/webjars/**] onto handler of type [class org.springframework.web.servlet.resource.ResourceHttpRequestHandler] 
2017-12-05 16:35:53 [INFO] [org.springframework.web.servlet.handler.AbstractUrlHandlerMapping:362] - Mapped URL path [/**] onto handler of type [class org.springframework.web.servlet.resource.ResourceHttpRequestHandler] 
2017-12-05 16:35:53 [INFO] [org.springframework.web.servlet.handler.AbstractUrlHandlerMapping:362] - Mapped URL path [/**/favicon.ico] onto handler of type [class org.springframework.web.servlet.resource.ResourceHttpRequestHandler] 
2017-12-05 16:35:54 [INFO] [org.springframework.boot.devtools.autoconfigure.OptionalLiveReloadServer:58] - LiveReload server is running on port 35729 
2017-12-05 16:35:54 [INFO] [org.springframework.jmx.export.MBeanExporter:431] - Registering beans for JMX exposure on startup 
2017-12-05 16:35:54 [INFO] [org.springframework.jmx.export.MBeanExporter:916] - Bean with name 'dataSource' has been autodetected for JMX exposure 
2017-12-05 16:35:54 [INFO] [org.springframework.jmx.export.MBeanExporter:671] - Located MBean 'dataSource': registering with JMX server as MBean [com.alibaba.druid.pool:name=dataSource,type=DruidDataSource] 
2017-12-05 16:35:54 [INFO] [org.springframework.context.support.DefaultLifecycleProcessor$LifecycleGroup:343] - Starting beans in phase 2147483647 
2017-12-05 16:35:54 [INFO] [springfox.documentation.spring.web.plugins.DocumentationPluginsBootstrapper:120] - Context refreshed 
2017-12-05 16:35:54 [INFO] [springfox.documentation.spring.web.plugins.DocumentationPluginsBootstrapper:123] - Found 1 custom documentation plugin(s) 
2017-12-05 16:35:54 [INFO] [springfox.documentation.spring.web.scanners.ApiListingReferenceScanner:41] - Scanning for api listing references 
2017-12-05 16:35:54 [INFO] [springfox.documentation.spring.web.readers.operation.CachingOperationNameGenerator:40] - Generating unique operation named: getListUsingGET_1 
2017-12-05 16:35:54 [INFO] [springfox.documentation.spring.web.readers.operation.CachingOperationNameGenerator:40] - Generating unique operation named: getListUsingGET_2 
2017-12-05 16:35:54 [INFO] [springfox.documentation.spring.web.readers.operation.CachingOperationNameGenerator:40] - Generating unique operation named: getListUsingGET_3 
2017-12-05 16:35:54 [INFO] [springfox.documentation.spring.web.readers.operation.CachingOperationNameGenerator:40] - Generating unique operation named: getListUsingGET_4 
2017-12-05 16:35:54 [INFO] [springfox.documentation.spring.web.readers.operation.CachingOperationNameGenerator:40] - Generating unique operation named: getListUsingGET_5 
2017-12-05 16:35:54 [INFO] [springfox.documentation.spring.web.readers.operation.CachingOperationNameGenerator:40] - Generating unique operation named: getListUsingGET_6 
2017-12-05 16:35:54 [INFO] [springfox.documentation.spring.web.readers.operation.CachingOperationNameGenerator:40] - Generating unique operation named: getListUsingGET_7 
2017-12-05 16:35:54 [INFO] [org.apache.juli.logging.DirectJDKLog:183] - Initializing ProtocolHandler ["http-nio-9090"] 
2017-12-05 16:35:54 [INFO] [org.apache.juli.logging.DirectJDKLog:183] - Starting ProtocolHandler ["http-nio-9090"] 
2017-12-05 16:35:54 [INFO] [org.apache.juli.logging.DirectJDKLog:183] - Using a shared selector for servlet write/read 
2017-12-05 16:35:54 [INFO] [org.springframework.boot.context.embedded.tomcat.TomcatEmbeddedServletContainer:201] - Tomcat started on port(s): 9090 (http) 
2017-12-05 16:35:54 [INFO] [com.xz.config.MyStartupRunner:22] - 系统开始启动... ... 
2017-12-05 16:35:54 [INFO] [com.xz.config.MyStartupRunner:24] - 系统的临时目录为:  C:\Users\吴迪叶\AppData\Local\Temp\ 
2017-12-05 16:35:54 [INFO] [org.springframework.boot.StartupInfoLogger:57] - Started Application in 11.979 seconds (JVM running for 13.197) 
2017-12-05 16:36:35 [INFO] [org.springframework.context.support.AbstractApplicationContext:984] - Closing org.springframework.boot.context.embedded.AnnotationConfigEmbeddedWebApplicationContext@22ef5641: startup date [Tue Dec 05 16:35:44 CST 2017]; root of context hierarchy 
2017-12-05 16:36:35 [INFO] [org.springframework.context.support.DefaultLifecycleProcessor$LifecycleGroup:358] - Stopping beans in phase 2147483647 
2017-12-05 16:36:35 [WARN] [org.springframework.beans.factory.support.DisposableBeanAdapter:281] - Invocation of destroy method failed on bean with name 'classPathFileSystemWatcher': java.lang.NullPointerException 
2017-12-05 16:36:35 [INFO] [org.springframework.jmx.export.MBeanExporter:449] - Unregistering JMX-exposed beans on shutdown 
2017-12-05 16:36:35 [INFO] [org.springframework.jmx.support.MBeanRegistrationSupport:241] - Unregistering JMX-exposed beans 
2017-12-05 16:36:35 [INFO] [org.springframework.cache.ehcache.EhCacheManagerFactoryBean:187] - Shutting down EhCache CacheManager 
2017-12-05 16:36:37 [INFO] [org.springframework.boot.StartupInfoLogger:48] - Starting Application on work-dean with PID 24728 (F:\myworkspace\gis-manager\target\classes started by 吴迪叶 in F:\myworkspace\gis-manager) 
2017-12-05 16:36:37 [INFO] [org.springframework.boot.SpringApplication:593] - No active profile set, falling back to default profiles: default 
2017-12-05 16:36:37 [INFO] [org.springframework.context.support.AbstractApplicationContext:583] - Refreshing org.springframework.boot.context.embedded.AnnotationConfigEmbeddedWebApplicationContext@62253bce: startup date [Tue Dec 05 16:36:37 CST 2017]; root of context hierarchy 
2017-12-05 16:36:39 [WARN] [org.springframework.context.annotation.ConfigurationClassPostProcessor:373] - Cannot enhance @Configuration bean definition 'myBatisMapperScannerConfig' since its singleton instance has been created too early. The typical cause is a non-static @Bean method with a BeanDefinitionRegistryPostProcessor return type: Consider declaring such methods as 'static'. 
2017-12-05 16:36:39 [INFO] [org.springframework.context.support.PostProcessorRegistrationDelegate$BeanPostProcessorChecker:327] - Bean 'org.springframework.cache.annotation.ProxyCachingConfiguration' of type [org.springframework.cache.annotation.ProxyCachingConfiguration$$EnhancerBySpringCGLIB$$8d30e758] is not eligible for getting processed by all BeanPostProcessors (for example: not eligible for auto-proxying) 
2017-12-05 16:36:39 [INFO] [org.springframework.context.support.PostProcessorRegistrationDelegate$BeanPostProcessorChecker:327] - Bean 'druidDBConfig' of type [com.xz.config.DruidDBConfig$$EnhancerBySpringCGLIB$$4dd766d4] is not eligible for getting processed by all BeanPostProcessors (for example: not eligible for auto-proxying) 
2017-12-05 16:36:39 [INFO] [org.springframework.context.support.PostProcessorRegistrationDelegate$BeanPostProcessorChecker:327] - Bean 'dataSource' of type [com.alibaba.druid.pool.DruidDataSource] is not eligible for getting processed by all BeanPostProcessors (for example: not eligible for auto-proxying) 
2017-12-05 16:36:39 [INFO] [org.springframework.context.support.PostProcessorRegistrationDelegate$BeanPostProcessorChecker:327] - Bean 'org.springframework.boot.autoconfigure.jdbc.DataSourceAutoConfiguration' of type [org.springframework.boot.autoconfigure.jdbc.DataSourceAutoConfiguration$$EnhancerBySpringCGLIB$$2612549a] is not eligible for getting processed by all BeanPostProcessors (for example: not eligible for auto-proxying) 
2017-12-05 16:36:39 [INFO] [org.springframework.context.support.PostProcessorRegistrationDelegate$BeanPostProcessorChecker:327] - Bean 'spring.datasource-org.springframework.boot.autoconfigure.jdbc.DataSourceProperties' of type [org.springframework.boot.autoconfigure.jdbc.DataSourceProperties] is not eligible for getting processed by all BeanPostProcessors (for example: not eligible for auto-proxying) 
2017-12-05 16:36:39 [INFO] [org.springframework.context.support.PostProcessorRegistrationDelegate$BeanPostProcessorChecker:327] - Bean 'dataSourceInitializer' of type [org.springframework.boot.autoconfigure.jdbc.DataSourceInitializer] is not eligible for getting processed by all BeanPostProcessors (for example: not eligible for auto-proxying) 
2017-12-05 16:36:39 [INFO] [org.springframework.context.support.PostProcessorRegistrationDelegate$BeanPostProcessorChecker:327] - Bean 'mybatisConfiguration' of type [com.xz.config.mybatis.MybatisConfiguration$$EnhancerBySpringCGLIB$$27980d8a] is not eligible for getting processed by all BeanPostProcessors (for example: not eligible for auto-proxying) 
2017-12-05 16:36:39 [INFO] [org.springframework.context.support.PostProcessorRegistrationDelegate$BeanPostProcessorChecker:327] - Bean 'annotationDrivenTransactionManager' of type [org.springframework.jdbc.datasource.DataSourceTransactionManager] is not eligible for getting processed by all BeanPostProcessors (for example: not eligible for auto-proxying) 
2017-12-05 16:36:39 [INFO] [org.springframework.context.support.PostProcessorRegistrationDelegate$BeanPostProcessorChecker:327] - Bean 'org.springframework.transaction.annotation.ProxyTransactionManagementConfiguration' of type [org.springframework.transaction.annotation.ProxyTransactionManagementConfiguration$$EnhancerBySpringCGLIB$$441eb13a] is not eligible for getting processed by all BeanPostProcessors (for example: not eligible for auto-proxying) 
2017-12-05 16:36:39 [INFO] [org.springframework.boot.context.embedded.tomcat.TomcatEmbeddedServletContainer:89] - Tomcat initialized with port(s): 9090 (http) 
2017-12-05 16:36:39 [INFO] [org.apache.juli.logging.DirectJDKLog:183] - Starting service Tomcat 
2017-12-05 16:36:39 [INFO] [org.apache.juli.logging.DirectJDKLog:183] - Starting Servlet Engine: Apache Tomcat/7.0.82 
2017-12-05 16:36:39 [INFO] [org.apache.juli.logging.DirectJDKLog:183] - At least one JAR was scanned for TLDs yet contained no TLDs. Enable debug logging for this logger for a complete list of JARs that were scanned but no TLDs were found in them. Skipping unneeded JARs during scanning can improve startup time and JSP compilation time. 
2017-12-05 16:36:39 [INFO] [org.apache.juli.logging.DirectJDKLog:183] - Initializing Spring embedded WebApplicationContext 
2017-12-05 16:36:39 [INFO] [org.springframework.boot.context.embedded.EmbeddedWebApplicationContext:276] - Root WebApplicationContext: initialization completed in 2016 ms 
2017-12-05 16:36:39 [INFO] [org.springframework.boot.web.servlet.ServletRegistrationBean:190] - Mapping servlet: 'dispatcherServlet' to [/] 
2017-12-05 16:36:39 [INFO] [org.springframework.boot.web.servlet.ServletRegistrationBean:190] - Mapping servlet: 'com.xz.config.servlet.DruidStatViewServlet' to [/druid/*] 
2017-12-05 16:36:39 [INFO] [org.springframework.boot.web.servlet.AbstractFilterRegistrationBean:258] - Mapping filter: 'characterEncodingFilter' to: [/*] 
2017-12-05 16:36:39 [INFO] [org.springframework.boot.web.servlet.AbstractFilterRegistrationBean:258] - Mapping filter: 'hiddenHttpMethodFilter' to: [/*] 
2017-12-05 16:36:39 [INFO] [org.springframework.boot.web.servlet.AbstractFilterRegistrationBean:258] - Mapping filter: 'httpPutFormContentFilter' to: [/*] 
2017-12-05 16:36:39 [INFO] [org.springframework.boot.web.servlet.AbstractFilterRegistrationBean:258] - Mapping filter: 'requestContextFilter' to: [/*] 
2017-12-05 16:36:39 [INFO] [org.springframework.boot.web.servlet.AbstractFilterRegistrationBean:271] - Mapping filter: 'druidWebStatFilter' to urls: [/*] 
2017-12-05 16:36:40 [INFO] [org.springframework.web.servlet.handler.AbstractHandlerMethodMapping$MappingRegistry:543] - Mapped "{[/getList]}" onto public com.xz.model.json.JsonModel com.xz.controller.api.ApiController.getList(java.lang.String) 
2017-12-05 16:36:40 [INFO] [org.springframework.web.servlet.handler.AbstractHandlerMethodMapping$MappingRegistry:543] - Mapped "{[/authimg/generateImage]}" onto public void com.xz.controller.AuthImageController.generateImage(javax.servlet.http.HttpServletRequest,javax.servlet.http.HttpServletResponse) throws javax.servlet.ServletException,java.io.IOException 
2017-12-05 16:36:40 [INFO] [org.springframework.web.servlet.handler.AbstractHandlerMethodMapping$MappingRegistry:543] - Mapped "{[/user/getTree]}" onto public void com.xz.controller.UserController.getTree(javax.servlet.http.HttpServletRequest,javax.servlet.http.HttpServletResponse) throws org.codehaus.jackson.JsonGenerationException,org.codehaus.jackson.map.JsonMappingException,java.io.IOException 
2017-12-05 16:36:40 [INFO] [org.springframework.web.servlet.handler.AbstractHandlerMethodMapping$MappingRegistry:543] - Mapped "{[/user/getRole]}" onto public void com.xz.controller.UserController.getRole(javax.servlet.http.HttpServletRequest,javax.servlet.http.HttpServletResponse) throws org.codehaus.jackson.JsonGenerationException,org.codehaus.jackson.map.JsonMappingException,java.io.IOException 
2017-12-05 16:36:40 [INFO] [org.springframework.web.servlet.handler.AbstractHandlerMethodMapping$MappingRegistry:543] - Mapped "{[/user/updateUserAuth]}" onto public void com.xz.controller.UserController.updateUserAuth(javax.servlet.http.HttpServletRequest,javax.servlet.http.HttpServletResponse) throws org.codehaus.jackson.JsonGenerationException,org.codehaus.jackson.map.JsonMappingException,java.io.IOException 
2017-12-05 16:36:40 [INFO] [org.springframework.web.servlet.handler.AbstractHandlerMethodMapping$MappingRegistry:543] - Mapped "{[/user/listRole]}" onto public void com.xz.controller.UserController.listRole(javax.servlet.http.HttpServletRequest,javax.servlet.http.HttpServletResponse) throws org.codehaus.jackson.JsonGenerationException,org.codehaus.jackson.map.JsonMappingException,java.io.IOException 
2017-12-05 16:36:40 [INFO] [org.springframework.web.servlet.handler.AbstractHandlerMethodMapping$MappingRegistry:543] - Mapped "{[/user/editUser]}" onto public void com.xz.controller.UserController.editUser(javax.servlet.http.HttpServletRequest,javax.servlet.http.HttpServletResponse) throws org.codehaus.jackson.JsonGenerationException,org.codehaus.jackson.map.JsonMappingException,java.io.IOException 
2017-12-05 16:36:40 [INFO] [org.springframework.web.servlet.handler.AbstractHandlerMethodMapping$MappingRegistry:543] - Mapped "{[/user/listUser]}" onto public void com.xz.controller.UserController.listUser(javax.servlet.http.HttpServletRequest,javax.servlet.http.HttpServletResponse) throws org.codehaus.jackson.JsonGenerationException,org.codehaus.jackson.map.JsonMappingException,java.io.IOException 
2017-12-05 16:36:40 [INFO] [org.springframework.web.servlet.handler.AbstractHandlerMethodMapping$MappingRegistry:543] - Mapped "{[/user/getAuthTree]}" onto public void com.xz.controller.UserController.getAuthTree(javax.servlet.http.HttpServletRequest,javax.servlet.http.HttpServletResponse) 
2017-12-05 16:36:40 [INFO] [org.springframework.web.servlet.handler.AbstractHandlerMethodMapping$MappingRegistry:543] - Mapped "{[/user/deleteRole]}" onto public void com.xz.controller.UserController.deleteRole(javax.servlet.http.HttpServletRequest,javax.servlet.http.HttpServletResponse) throws org.codehaus.jackson.JsonGenerationException,org.codehaus.jackson.map.JsonMappingException,java.io.IOException 
2017-12-05 16:36:40 [INFO] [org.springframework.web.servlet.handler.AbstractHandlerMethodMapping$MappingRegistry:543] - Mapped "{[/user/editRole]}" onto public void com.xz.controller.UserController.editRole(javax.servlet.http.HttpServletRequest,javax.servlet.http.HttpServletResponse) throws org.codehaus.jackson.JsonGenerationException,org.codehaus.jackson.map.JsonMappingException,java.io.IOException 
2017-12-05 16:36:40 [INFO] [org.springframework.web.servlet.handler.AbstractHandlerMethodMapping$MappingRegistry:543] - Mapped "{[/user/deleteUser]}" onto public void com.xz.controller.UserController.deleteUser(javax.servlet.http.HttpServletRequest,javax.servlet.http.HttpServletResponse) throws org.codehaus.jackson.JsonGenerationException,org.codehaus.jackson.map.JsonMappingException,java.io.IOException 
2017-12-05 16:36:40 [INFO] [org.springframework.web.servlet.handler.AbstractHandlerMethodMapping$MappingRegistry:543] - Mapped "{[/user/updatePwd]}" onto public void com.xz.controller.UserController.updatePwd(javax.servlet.http.HttpServletRequest,javax.servlet.http.HttpServletResponse) throws org.codehaus.jackson.JsonGenerationException,org.codehaus.jackson.map.JsonMappingException,java.io.IOException 
2017-12-05 16:36:40 [INFO] [org.springframework.web.servlet.handler.AbstractHandlerMethodMapping$MappingRegistry:543] - Mapped "{[/userlogin/checkUser]}" onto public com.xz.model.json.JsonModel com.xz.controller.UserLoginController.checkUser(javax.servlet.http.HttpServletRequest,javax.servlet.http.HttpServletResponse) 
2017-12-05 16:36:40 [INFO] [org.springframework.web.servlet.handler.AbstractHandlerMethodMapping$MappingRegistry:543] - Mapped "{[/userlogin/getUser]}" onto public com.xz.entity.UserLogin com.xz.controller.UserLoginController.getUser(java.lang.String) 
2017-12-05 16:36:40 [INFO] [org.springframework.web.servlet.handler.AbstractHandlerMethodMapping$MappingRegistry:543] - Mapped "{[/v2/api-docs],methods=[GET],produces=[application/json || application/hal+json]}" onto public org.springframework.http.ResponseEntity<springfox.documentation.spring.web.json.Json> springfox.documentation.swagger2.web.Swagger2Controller.getDocumentation(java.lang.String,javax.servlet.http.HttpServletRequest) 
2017-12-05 16:36:40 [INFO] [org.springframework.web.servlet.handler.AbstractHandlerMethodMapping$MappingRegistry:543] - Mapped "{[/swagger-resources/configuration/ui]}" onto org.springframework.http.ResponseEntity<springfox.documentation.swagger.web.UiConfiguration> springfox.documentation.swagger.web.ApiResourceController.uiConfiguration() 
2017-12-05 16:36:40 [INFO] [org.springframework.web.servlet.handler.AbstractHandlerMethodMapping$MappingRegistry:543] - Mapped "{[/swagger-resources]}" onto org.springframework.http.ResponseEntity<java.util.List<springfox.documentation.swagger.web.SwaggerResource>> springfox.documentation.swagger.web.ApiResourceController.swaggerResources() 
2017-12-05 16:36:40 [INFO] [org.springframework.web.servlet.handler.AbstractHandlerMethodMapping$MappingRegistry:543] - Mapped "{[/swagger-resources/configuration/security]}" onto org.springframework.http.ResponseEntity<springfox.documentation.swagger.web.SecurityConfiguration> springfox.documentation.swagger.web.ApiResourceController.securityConfiguration() 
2017-12-05 16:36:40 [INFO] [org.springframework.web.servlet.handler.AbstractHandlerMethodMapping$MappingRegistry:543] - Mapped "{[/error]}" onto public org.springframework.http.ResponseEntity<java.util.Map<java.lang.String, java.lang.Object>> org.springframework.boot.autoconfigure.web.BasicErrorController.error(javax.servlet.http.HttpServletRequest) 
2017-12-05 16:36:40 [INFO] [org.springframework.web.servlet.handler.AbstractHandlerMethodMapping$MappingRegistry:543] - Mapped "{[/error],produces=[text/html]}" onto public org.springframework.web.servlet.ModelAndView org.springframework.boot.autoconfigure.web.BasicErrorController.errorHtml(javax.servlet.http.HttpServletRequest,javax.servlet.http.HttpServletResponse) 
2017-12-05 16:36:40 [INFO] [org.springframework.cache.ehcache.EhCacheManagerFactoryBean:130] - Initializing EhCache CacheManager 
2017-12-05 16:36:40 [WARN] [net.sf.ehcache.config.CacheConfiguration:868] - Cache 'myCache' is set to eternal but also has TTI/TTL set.  To avoid this warning, clean up the config removing conflicting values of eternal, TTI and TTL. Effective configuration for Cache 'myCache' will be eternal='true', timeToIdleSeconds='0', timeToLiveSeconds='0'. 
2017-12-05 16:36:40 [INFO] [com.xz.config.mybatis.MybatisConfiguration:98] - 注册MyBatis分页插件PageHelper 
2017-12-05 16:36:40 [INFO] [org.springframework.web.servlet.mvc.method.annotation.RequestMappingHandlerAdapter:534] - Looking for @ControllerAdvice: org.springframework.boot.context.embedded.AnnotationConfigEmbeddedWebApplicationContext@62253bce: startup date [Tue Dec 05 16:36:37 CST 2017]; root of context hierarchy 
2017-12-05 16:36:40 [INFO] [org.springframework.web.servlet.handler.AbstractUrlHandlerMapping:362] - Mapped URL path [/webjars/**] onto handler of type [class org.springframework.web.servlet.resource.ResourceHttpRequestHandler] 
2017-12-05 16:36:40 [INFO] [org.springframework.web.servlet.handler.AbstractUrlHandlerMapping:362] - Mapped URL path [/**] onto handler of type [class org.springframework.web.servlet.resource.ResourceHttpRequestHandler] 
2017-12-05 16:36:40 [INFO] [org.springframework.web.servlet.handler.AbstractUrlHandlerMapping:362] - Mapped URL path [/**/favicon.ico] onto handler of type [class org.springframework.web.servlet.resource.ResourceHttpRequestHandler] 
2017-12-05 16:36:40 [INFO] [org.springframework.boot.devtools.autoconfigure.OptionalLiveReloadServer:58] - LiveReload server is running on port 35729 
2017-12-05 16:36:40 [INFO] [org.springframework.jmx.export.MBeanExporter:431] - Registering beans for JMX exposure on startup 
2017-12-05 16:36:40 [INFO] [org.springframework.jmx.export.MBeanExporter:916] - Bean with name 'dataSource' has been autodetected for JMX exposure 
2017-12-05 16:36:40 [INFO] [org.springframework.jmx.export.MBeanExporter:671] - Located MBean 'dataSource': registering with JMX server as MBean [com.alibaba.druid.pool:name=dataSource,type=DruidDataSource] 
2017-12-05 16:36:40 [INFO] [org.springframework.context.support.DefaultLifecycleProcessor$LifecycleGroup:343] - Starting beans in phase 2147483647 
2017-12-05 16:36:40 [INFO] [springfox.documentation.spring.web.plugins.DocumentationPluginsBootstrapper:120] - Context refreshed 
2017-12-05 16:36:40 [INFO] [springfox.documentation.spring.web.plugins.DocumentationPluginsBootstrapper:123] - Found 1 custom documentation plugin(s) 
2017-12-05 16:36:40 [INFO] [springfox.documentation.spring.web.scanners.ApiListingReferenceScanner:41] - Scanning for api listing references 
2017-12-05 16:36:41 [INFO] [springfox.documentation.spring.web.readers.operation.CachingOperationNameGenerator:40] - Generating unique operation named: getListUsingGET_1 
2017-12-05 16:36:41 [INFO] [springfox.documentation.spring.web.readers.operation.CachingOperationNameGenerator:40] - Generating unique operation named: getListUsingGET_2 
2017-12-05 16:36:41 [INFO] [springfox.documentation.spring.web.readers.operation.CachingOperationNameGenerator:40] - Generating unique operation named: getListUsingGET_3 
2017-12-05 16:36:41 [INFO] [springfox.documentation.spring.web.readers.operation.CachingOperationNameGenerator:40] - Generating unique operation named: getListUsingGET_4 
2017-12-05 16:36:41 [INFO] [springfox.documentation.spring.web.readers.operation.CachingOperationNameGenerator:40] - Generating unique operation named: getListUsingGET_5 
2017-12-05 16:36:41 [INFO] [springfox.documentation.spring.web.readers.operation.CachingOperationNameGenerator:40] - Generating unique operation named: getListUsingGET_6 
2017-12-05 16:36:41 [INFO] [springfox.documentation.spring.web.readers.operation.CachingOperationNameGenerator:40] - Generating unique operation named: getListUsingGET_7 
2017-12-05 16:36:41 [INFO] [org.apache.juli.logging.DirectJDKLog:183] - Initializing ProtocolHandler ["http-nio-9090"] 
2017-12-05 16:36:41 [INFO] [org.apache.juli.logging.DirectJDKLog:183] - Starting ProtocolHandler ["http-nio-9090"] 
2017-12-05 16:36:41 [INFO] [org.apache.juli.logging.DirectJDKLog:183] - Using a shared selector for servlet write/read 
2017-12-05 16:36:41 [INFO] [org.springframework.boot.context.embedded.tomcat.TomcatEmbeddedServletContainer:201] - Tomcat started on port(s): 9090 (http) 
2017-12-05 16:36:41 [INFO] [com.xz.config.MyStartupRunner:22] - 系统开始启动... ... 
2017-12-05 16:36:41 [INFO] [com.xz.config.MyStartupRunner:24] - 系统的临时目录为:  C:\Users\吴迪叶\AppData\Local\Temp\ 
2017-12-05 16:36:41 [INFO] [org.springframework.boot.StartupInfoLogger:57] - Started Application in 3.486 seconds (JVM running for 59.353) 
2017-12-05 21:26:01 [INFO] [org.springframework.boot.StartupInfoLogger:48] - Starting Application on DESKTOP-F1DJ6D3 with PID 13508 (E:\myworkspace\git-manager-1205\target\classes started by Administrator in E:\myworkspace\git-manager-1205) 
2017-12-05 21:26:01 [INFO] [org.springframework.boot.SpringApplication:593] - No active profile set, falling back to default profiles: default 
2017-12-05 21:26:01 [INFO] [org.springframework.context.support.AbstractApplicationContext:583] - Refreshing org.springframework.boot.context.embedded.AnnotationConfigEmbeddedWebApplicationContext@6672b178: startup date [Tue Dec 05 21:26:01 CST 2017]; root of context hierarchy 
2017-12-05 21:26:01 [INFO] [org.hibernate.validator.internal.util.Version:30] - HV000001: Hibernate Validator 5.3.5.Final 
2017-12-05 21:26:02 [WARN] [org.springframework.context.annotation.ConfigurationClassPostProcessor:373] - Cannot enhance @Configuration bean definition 'myBatisMapperScannerConfig' since its singleton instance has been created too early. The typical cause is a non-static @Bean method with a BeanDefinitionRegistryPostProcessor return type: Consider declaring such methods as 'static'. 
2017-12-05 21:26:02 [INFO] [org.springframework.context.support.PostProcessorRegistrationDelegate$BeanPostProcessorChecker:327] - Bean 'org.springframework.cache.annotation.ProxyCachingConfiguration' of type [org.springframework.cache.annotation.ProxyCachingConfiguration$$EnhancerBySpringCGLIB$$e512b6d5] is not eligible for getting processed by all BeanPostProcessors (for example: not eligible for auto-proxying) 
2017-12-05 21:26:02 [INFO] [org.springframework.context.support.PostProcessorRegistrationDelegate$BeanPostProcessorChecker:327] - Bean 'druidDBConfig' of type [com.xz.config.DruidDBConfig$$EnhancerBySpringCGLIB$$a5b93651] is not eligible for getting processed by all BeanPostProcessors (for example: not eligible for auto-proxying) 
2017-12-05 21:26:02 [INFO] [org.springframework.context.support.PostProcessorRegistrationDelegate$BeanPostProcessorChecker:327] - Bean 'dataSource' of type [com.alibaba.druid.pool.DruidDataSource] is not eligible for getting processed by all BeanPostProcessors (for example: not eligible for auto-proxying) 
2017-12-05 21:26:02 [INFO] [org.springframework.context.support.PostProcessorRegistrationDelegate$BeanPostProcessorChecker:327] - Bean 'org.springframework.boot.autoconfigure.jdbc.DataSourceAutoConfiguration' of type [org.springframework.boot.autoconfigure.jdbc.DataSourceAutoConfiguration$$EnhancerBySpringCGLIB$$7df42417] is not eligible for getting processed by all BeanPostProcessors (for example: not eligible for auto-proxying) 
2017-12-05 21:26:02 [INFO] [org.springframework.context.support.PostProcessorRegistrationDelegate$BeanPostProcessorChecker:327] - Bean 'spring.datasource-org.springframework.boot.autoconfigure.jdbc.DataSourceProperties' of type [org.springframework.boot.autoconfigure.jdbc.DataSourceProperties] is not eligible for getting processed by all BeanPostProcessors (for example: not eligible for auto-proxying) 
2017-12-05 21:26:02 [INFO] [org.springframework.context.support.PostProcessorRegistrationDelegate$BeanPostProcessorChecker:327] - Bean 'dataSourceInitializer' of type [org.springframework.boot.autoconfigure.jdbc.DataSourceInitializer] is not eligible for getting processed by all BeanPostProcessors (for example: not eligible for auto-proxying) 
2017-12-05 21:26:02 [INFO] [org.springframework.context.support.PostProcessorRegistrationDelegate$BeanPostProcessorChecker:327] - Bean 'mybatisConfiguration' of type [com.xz.config.mybatis.MybatisConfiguration$$EnhancerBySpringCGLIB$$7f79dd07] is not eligible for getting processed by all BeanPostProcessors (for example: not eligible for auto-proxying) 
2017-12-05 21:26:02 [INFO] [org.springframework.context.support.PostProcessorRegistrationDelegate$BeanPostProcessorChecker:327] - Bean 'annotationDrivenTransactionManager' of type [org.springframework.jdbc.datasource.DataSourceTransactionManager] is not eligible for getting processed by all BeanPostProcessors (for example: not eligible for auto-proxying) 
2017-12-05 21:26:02 [INFO] [org.springframework.context.support.PostProcessorRegistrationDelegate$BeanPostProcessorChecker:327] - Bean 'org.springframework.transaction.annotation.ProxyTransactionManagementConfiguration' of type [org.springframework.transaction.annotation.ProxyTransactionManagementConfiguration$$EnhancerBySpringCGLIB$$9c0080b7] is not eligible for getting processed by all BeanPostProcessors (for example: not eligible for auto-proxying) 
2017-12-05 21:26:03 [INFO] [org.springframework.boot.context.embedded.tomcat.TomcatEmbeddedServletContainer:89] - Tomcat initialized with port(s): 9090 (http) 
2017-12-05 21:26:03 [INFO] [org.apache.juli.logging.DirectJDKLog:183] - Starting service Tomcat 
2017-12-05 21:26:03 [INFO] [org.apache.juli.logging.DirectJDKLog:183] - Starting Servlet Engine: Apache Tomcat/7.0.82 
2017-12-05 21:26:03 [INFO] [org.apache.juli.logging.DirectJDKLog:183] - At least one JAR was scanned for TLDs yet contained no TLDs. Enable debug logging for this logger for a complete list of JARs that were scanned but no TLDs were found in them. Skipping unneeded JARs during scanning can improve startup time and JSP compilation time. 
2017-12-05 21:26:03 [INFO] [org.apache.juli.logging.DirectJDKLog:183] - Initializing Spring embedded WebApplicationContext 
2017-12-05 21:26:03 [INFO] [org.springframework.boot.context.embedded.EmbeddedWebApplicationContext:276] - Root WebApplicationContext: initialization completed in 2105 ms 
2017-12-05 21:26:03 [INFO] [org.springframework.boot.web.servlet.ServletRegistrationBean:190] - Mapping servlet: 'dispatcherServlet' to [/] 
2017-12-05 21:26:03 [INFO] [org.springframework.boot.web.servlet.ServletRegistrationBean:190] - Mapping servlet: 'com.xz.config.servlet.DruidStatViewServlet' to [/druid/*] 
2017-12-05 21:26:03 [INFO] [org.springframework.boot.web.servlet.AbstractFilterRegistrationBean:258] - Mapping filter: 'characterEncodingFilter' to: [/*] 
2017-12-05 21:26:03 [INFO] [org.springframework.boot.web.servlet.AbstractFilterRegistrationBean:258] - Mapping filter: 'hiddenHttpMethodFilter' to: [/*] 
2017-12-05 21:26:03 [INFO] [org.springframework.boot.web.servlet.AbstractFilterRegistrationBean:258] - Mapping filter: 'httpPutFormContentFilter' to: [/*] 
2017-12-05 21:26:03 [INFO] [org.springframework.boot.web.servlet.AbstractFilterRegistrationBean:258] - Mapping filter: 'requestContextFilter' to: [/*] 
2017-12-05 21:26:03 [INFO] [org.springframework.boot.web.servlet.AbstractFilterRegistrationBean:271] - Mapping filter: 'druidWebStatFilter' to urls: [/*] 
2017-12-05 21:26:04 [INFO] [org.springframework.web.servlet.handler.AbstractHandlerMethodMapping$MappingRegistry:543] - Mapped "{[/getList]}" onto public com.xz.model.json.JsonModel com.xz.controller.api.ApiController.getList(java.lang.String) 
2017-12-05 21:26:04 [INFO] [org.springframework.web.servlet.handler.AbstractHandlerMethodMapping$MappingRegistry:543] - Mapped "{[/authimg/generateImage]}" onto public void com.xz.controller.AuthImageController.generateImage(javax.servlet.http.HttpServletRequest,javax.servlet.http.HttpServletResponse) throws javax.servlet.ServletException,java.io.IOException 
2017-12-05 21:26:04 [INFO] [org.springframework.web.servlet.handler.AbstractHandlerMethodMapping$MappingRegistry:543] - Mapped "{[/user/getTree]}" onto public void com.xz.controller.UserController.getTree(javax.servlet.http.HttpServletRequest,javax.servlet.http.HttpServletResponse) throws org.codehaus.jackson.JsonGenerationException,org.codehaus.jackson.map.JsonMappingException,java.io.IOException 
2017-12-05 21:26:04 [INFO] [org.springframework.web.servlet.handler.AbstractHandlerMethodMapping$MappingRegistry:543] - Mapped "{[/user/getAuthTree]}" onto public void com.xz.controller.UserController.getAuthTree(javax.servlet.http.HttpServletRequest,javax.servlet.http.HttpServletResponse) 
2017-12-05 21:26:04 [INFO] [org.springframework.web.servlet.handler.AbstractHandlerMethodMapping$MappingRegistry:543] - Mapped "{[/user/getRole]}" onto public void com.xz.controller.UserController.getRole(javax.servlet.http.HttpServletRequest,javax.servlet.http.HttpServletResponse) throws org.codehaus.jackson.JsonGenerationException,org.codehaus.jackson.map.JsonMappingException,java.io.IOException 
2017-12-05 21:26:04 [INFO] [org.springframework.web.servlet.handler.AbstractHandlerMethodMapping$MappingRegistry:543] - Mapped "{[/user/updateUserAuth]}" onto public void com.xz.controller.UserController.updateUserAuth(javax.servlet.http.HttpServletRequest,javax.servlet.http.HttpServletResponse) throws org.codehaus.jackson.JsonGenerationException,org.codehaus.jackson.map.JsonMappingException,java.io.IOException 
2017-12-05 21:26:04 [INFO] [org.springframework.web.servlet.handler.AbstractHandlerMethodMapping$MappingRegistry:543] - Mapped "{[/user/listUser]}" onto public void com.xz.controller.UserController.listUser(javax.servlet.http.HttpServletRequest,javax.servlet.http.HttpServletResponse) throws org.codehaus.jackson.JsonGenerationException,org.codehaus.jackson.map.JsonMappingException,java.io.IOException 
2017-12-05 21:26:04 [INFO] [org.springframework.web.servlet.handler.AbstractHandlerMethodMapping$MappingRegistry:543] - Mapped "{[/user/deleteUser]}" onto public void com.xz.controller.UserController.deleteUser(javax.servlet.http.HttpServletRequest,javax.servlet.http.HttpServletResponse) throws org.codehaus.jackson.JsonGenerationException,org.codehaus.jackson.map.JsonMappingException,java.io.IOException 
2017-12-05 21:26:04 [INFO] [org.springframework.web.servlet.handler.AbstractHandlerMethodMapping$MappingRegistry:543] - Mapped "{[/user/editUser]}" onto public void com.xz.controller.UserController.editUser(javax.servlet.http.HttpServletRequest,javax.servlet.http.HttpServletResponse) throws org.codehaus.jackson.JsonGenerationException,org.codehaus.jackson.map.JsonMappingException,java.io.IOException 
2017-12-05 21:26:04 [INFO] [org.springframework.web.servlet.handler.AbstractHandlerMethodMapping$MappingRegistry:543] - Mapped "{[/user/listRole]}" onto public void com.xz.controller.UserController.listRole(javax.servlet.http.HttpServletRequest,javax.servlet.http.HttpServletResponse) throws org.codehaus.jackson.JsonGenerationException,org.codehaus.jackson.map.JsonMappingException,java.io.IOException 
2017-12-05 21:26:04 [INFO] [org.springframework.web.servlet.handler.AbstractHandlerMethodMapping$MappingRegistry:543] - Mapped "{[/user/updatePwd]}" onto public void com.xz.controller.UserController.updatePwd(javax.servlet.http.HttpServletRequest,javax.servlet.http.HttpServletResponse) throws org.codehaus.jackson.JsonGenerationException,org.codehaus.jackson.map.JsonMappingException,java.io.IOException 
2017-12-05 21:26:04 [INFO] [org.springframework.web.servlet.handler.AbstractHandlerMethodMapping$MappingRegistry:543] - Mapped "{[/user/deleteRole]}" onto public void com.xz.controller.UserController.deleteRole(javax.servlet.http.HttpServletRequest,javax.servlet.http.HttpServletResponse) throws org.codehaus.jackson.JsonGenerationException,org.codehaus.jackson.map.JsonMappingException,java.io.IOException 
2017-12-05 21:26:04 [INFO] [org.springframework.web.servlet.handler.AbstractHandlerMethodMapping$MappingRegistry:543] - Mapped "{[/user/editRole]}" onto public void com.xz.controller.UserController.editRole(javax.servlet.http.HttpServletRequest,javax.servlet.http.HttpServletResponse) throws org.codehaus.jackson.JsonGenerationException,org.codehaus.jackson.map.JsonMappingException,java.io.IOException 
2017-12-05 21:26:04 [INFO] [org.springframework.web.servlet.handler.AbstractHandlerMethodMapping$MappingRegistry:543] - Mapped "{[/userlogin/getUser]}" onto public com.xz.entity.UserLogin com.xz.controller.UserLoginController.getUser(java.lang.String) 
2017-12-05 21:26:04 [INFO] [org.springframework.web.servlet.handler.AbstractHandlerMethodMapping$MappingRegistry:543] - Mapped "{[/userlogin/checkUser]}" onto public com.xz.model.json.JsonModel com.xz.controller.UserLoginController.checkUser(javax.servlet.http.HttpServletRequest,javax.servlet.http.HttpServletResponse) 
2017-12-05 21:26:04 [INFO] [org.springframework.web.servlet.handler.AbstractHandlerMethodMapping$MappingRegistry:543] - Mapped "{[/v2/api-docs],methods=[GET],produces=[application/json || application/hal+json]}" onto public org.springframework.http.ResponseEntity<springfox.documentation.spring.web.json.Json> springfox.documentation.swagger2.web.Swagger2Controller.getDocumentation(java.lang.String,javax.servlet.http.HttpServletRequest) 
2017-12-05 21:26:04 [INFO] [org.springframework.web.servlet.handler.AbstractHandlerMethodMapping$MappingRegistry:543] - Mapped "{[/swagger-resources/configuration/security]}" onto org.springframework.http.ResponseEntity<springfox.documentation.swagger.web.SecurityConfiguration> springfox.documentation.swagger.web.ApiResourceController.securityConfiguration() 
2017-12-05 21:26:04 [INFO] [org.springframework.web.servlet.handler.AbstractHandlerMethodMapping$MappingRegistry:543] - Mapped "{[/swagger-resources/configuration/ui]}" onto org.springframework.http.ResponseEntity<springfox.documentation.swagger.web.UiConfiguration> springfox.documentation.swagger.web.ApiResourceController.uiConfiguration() 
2017-12-05 21:26:04 [INFO] [org.springframework.web.servlet.handler.AbstractHandlerMethodMapping$MappingRegistry:543] - Mapped "{[/swagger-resources]}" onto org.springframework.http.ResponseEntity<java.util.List<springfox.documentation.swagger.web.SwaggerResource>> springfox.documentation.swagger.web.ApiResourceController.swaggerResources() 
2017-12-05 21:26:04 [INFO] [org.springframework.web.servlet.handler.AbstractHandlerMethodMapping$MappingRegistry:543] - Mapped "{[/error]}" onto public org.springframework.http.ResponseEntity<java.util.Map<java.lang.String, java.lang.Object>> org.springframework.boot.autoconfigure.web.BasicErrorController.error(javax.servlet.http.HttpServletRequest) 
2017-12-05 21:26:04 [INFO] [org.springframework.web.servlet.handler.AbstractHandlerMethodMapping$MappingRegistry:543] - Mapped "{[/error],produces=[text/html]}" onto public org.springframework.web.servlet.ModelAndView org.springframework.boot.autoconfigure.web.BasicErrorController.errorHtml(javax.servlet.http.HttpServletRequest,javax.servlet.http.HttpServletResponse) 
2017-12-05 21:26:04 [INFO] [org.springframework.cache.ehcache.EhCacheManagerFactoryBean:130] - Initializing EhCache CacheManager 
2017-12-05 21:26:04 [WARN] [net.sf.ehcache.config.CacheConfiguration:868] - Cache 'myCache' is set to eternal but also has TTI/TTL set.  To avoid this warning, clean up the config removing conflicting values of eternal, TTI and TTL. Effective configuration for Cache 'myCache' will be eternal='true', timeToIdleSeconds='0', timeToLiveSeconds='0'. 
2017-12-05 21:26:04 [INFO] [com.xz.config.mybatis.MybatisConfiguration:98] - 注册MyBatis分页插件PageHelper 
2017-12-05 21:26:04 [INFO] [org.springframework.web.servlet.mvc.method.annotation.RequestMappingHandlerAdapter:534] - Looking for @ControllerAdvice: org.springframework.boot.context.embedded.AnnotationConfigEmbeddedWebApplicationContext@6672b178: startup date [Tue Dec 05 21:26:01 CST 2017]; root of context hierarchy 
2017-12-05 21:26:04 [INFO] [org.springframework.web.servlet.handler.AbstractUrlHandlerMapping:362] - Mapped URL path [/webjars/**] onto handler of type [class org.springframework.web.servlet.resource.ResourceHttpRequestHandler] 
2017-12-05 21:26:04 [INFO] [org.springframework.web.servlet.handler.AbstractUrlHandlerMapping:362] - Mapped URL path [/**] onto handler of type [class org.springframework.web.servlet.resource.ResourceHttpRequestHandler] 
2017-12-05 21:26:04 [INFO] [org.springframework.web.servlet.handler.AbstractUrlHandlerMapping:362] - Mapped URL path [/**/favicon.ico] onto handler of type [class org.springframework.web.servlet.resource.ResourceHttpRequestHandler] 
2017-12-05 21:26:05 [INFO] [org.springframework.boot.devtools.autoconfigure.OptionalLiveReloadServer:58] - LiveReload server is running on port 35729 
2017-12-05 21:26:05 [INFO] [org.springframework.jmx.export.MBeanExporter:431] - Registering beans for JMX exposure on startup 
2017-12-05 21:26:05 [INFO] [org.springframework.jmx.export.MBeanExporter:916] - Bean with name 'dataSource' has been autodetected for JMX exposure 
2017-12-05 21:26:05 [INFO] [org.springframework.jmx.export.MBeanExporter:671] - Located MBean 'dataSource': registering with JMX server as MBean [com.alibaba.druid.pool:name=dataSource,type=DruidDataSource] 
2017-12-05 21:26:05 [INFO] [org.springframework.context.support.DefaultLifecycleProcessor$LifecycleGroup:343] - Starting beans in phase 2147483647 
2017-12-05 21:26:05 [INFO] [springfox.documentation.spring.web.plugins.DocumentationPluginsBootstrapper:120] - Context refreshed 
2017-12-05 21:26:05 [INFO] [springfox.documentation.spring.web.plugins.DocumentationPluginsBootstrapper:123] - Found 1 custom documentation plugin(s) 
2017-12-05 21:26:05 [INFO] [springfox.documentation.spring.web.scanners.ApiListingReferenceScanner:41] - Scanning for api listing references 
2017-12-05 21:26:05 [INFO] [springfox.documentation.spring.web.readers.operation.CachingOperationNameGenerator:40] - Generating unique operation named: getListUsingGET_1 
2017-12-05 21:26:05 [INFO] [springfox.documentation.spring.web.readers.operation.CachingOperationNameGenerator:40] - Generating unique operation named: getListUsingGET_2 
2017-12-05 21:26:05 [INFO] [springfox.documentation.spring.web.readers.operation.CachingOperationNameGenerator:40] - Generating unique operation named: getListUsingGET_3 
2017-12-05 21:26:05 [INFO] [springfox.documentation.spring.web.readers.operation.CachingOperationNameGenerator:40] - Generating unique operation named: getListUsingGET_4 
2017-12-05 21:26:05 [INFO] [springfox.documentation.spring.web.readers.operation.CachingOperationNameGenerator:40] - Generating unique operation named: getListUsingGET_5 
2017-12-05 21:26:05 [INFO] [springfox.documentation.spring.web.readers.operation.CachingOperationNameGenerator:40] - Generating unique operation named: getListUsingGET_6 
2017-12-05 21:26:05 [INFO] [springfox.documentation.spring.web.readers.operation.CachingOperationNameGenerator:40] - Generating unique operation named: getListUsingGET_7 
2017-12-05 21:26:05 [INFO] [org.apache.juli.logging.DirectJDKLog:183] - Initializing ProtocolHandler ["http-nio-9090"] 
2017-12-05 21:26:05 [INFO] [org.apache.juli.logging.DirectJDKLog:183] - Starting ProtocolHandler ["http-nio-9090"] 
2017-12-05 21:26:05 [INFO] [org.apache.juli.logging.DirectJDKLog:183] - Using a shared selector for servlet write/read 
2017-12-05 21:26:05 [INFO] [org.springframework.boot.context.embedded.tomcat.TomcatEmbeddedServletContainer:201] - Tomcat started on port(s): 9090 (http) 
2017-12-05 21:26:05 [INFO] [com.xz.config.MyStartupRunner:22] - 系统开始启动... ... 
2017-12-05 21:26:05 [INFO] [com.xz.config.MyStartupRunner:24] - 系统的临时目录为:  C:\Users\ADMINI~1\AppData\Local\Temp\ 
2017-12-05 21:26:05 [INFO] [org.springframework.boot.StartupInfoLogger:57] - Started Application in 4.763 seconds (JVM running for 5.248) 
2017-12-05 22:00:23 [INFO] [org.springframework.boot.admin.SpringApplicationAdminMXBeanRegistrar$SpringApplicationAdmin:125] - Application shutdown requested. 
2017-12-05 22:00:23 [INFO] [org.springframework.context.support.AbstractApplicationContext:984] - Closing org.springframework.boot.context.embedded.AnnotationConfigEmbeddedWebApplicationContext@6672b178: startup date [Tue Dec 05 21:26:01 CST 2017]; root of context hierarchy 
2017-12-05 22:00:23 [INFO] [org.springframework.context.support.DefaultLifecycleProcessor$LifecycleGroup:358] - Stopping beans in phase 2147483647 
2017-12-05 22:00:23 [INFO] [org.springframework.jmx.export.MBeanExporter:449] - Unregistering JMX-exposed beans on shutdown 
2017-12-05 22:00:23 [INFO] [org.springframework.jmx.support.MBeanRegistrationSupport:241] - Unregistering JMX-exposed beans 
2017-12-05 22:00:23 [INFO] [org.springframework.cache.ehcache.EhCacheManagerFactoryBean:187] - Shutting down EhCache CacheManager 
